<?xml version="1.0" encoding="utf-8"?><testsuites name="pytest tests"><testsuite name="pytest" errors="0" failures="0" skipped="0" tests="33" time="8.034" timestamp="2026-08-07T09:44:34.373530+00:00" hostname="agent-env-7ba0661b-2584-4730-972f-329751eacbb4"><testcase classname="tests.test_krishiva_backend.TestPosts" name="test_list_posts_returns_6_seeded" time="0.353" /><testcase classname="tests.test_krishiva_backend.TestAuth" name="test_register_new_farmer" time="0.349" /><testcase classname="tests.test_krishiva_backend.TestAuth" name="test_register_buyer_and_expert_roles" time="0.757" /><testcase classname="tests.test_krishiva_backend.TestPosts" name="test_filter_by_tag_procedure" time="0.261" /><testcase classname="tests.test_krishiva_backend.TestPosts" name="test_filter_by_user_id" time="0.493" /><testcase classname="tests.test_krishiva_backend.TestAuth" name="test_register_duplicate_email_returns_400" time="0.085" /><testcase classname="tests.test_krishiva_backend.TestPosts" name="test_liked_by_me_flag_authenticated" time="0.046" /><testcase classname="tests.test_krishiva_backend.TestPosts" name="test_liked_by_me_false_when_unauthenticated" time="0.064" /><testcase classname="tests.test_krishiva_backend.TestPosts" name="test_create_post_increments_user_posts_count" time="0.538" /><testcase classname="tests.test_krishiva_backend.TestAuth" name="test_login_seeded_ravi" time="0.302" /><testcase classname="tests.test_krishiva_backend.TestAuth" name="test_login_bad_password" time="0.302" /><testcase classname="tests.test_krishiva_backend.TestAuth" name="test_get_me_with_token" time="0.269" /><testcase classname="tests.test_krishiva_backend.TestPosts" name="test_toggle_like_updates_count_and_flag" time="0.404" /><testcase classname="tests.test_krishiva_backend.TestAuth" name="test_get_me_without_token_401" time="0.165" /><testcase classname="tests.test_krishiva_backend.TestPosts" name="test_delete_post_unauthorized_403" time="0.045" /><testcase classname="tests.test_krishiva_backend.TestPosts" name="test_delete_post_owner_ok" time="0.165" /><testcase classname="tests.test_krishiva_backend.TestAuth" name="test_get_me_invalid_token_401" time="0.099" /><testcase classname="tests.test_krishiva_backend.TestAuth" name="test_patch_me_updates_bio_location" time="0.116" /><testcase classname="tests.test_krishiva_backend.TestUsers" name="test_list_users" time="0.047" /><testcase classname="tests.test_krishiva_backend.TestUsers" name="test_search_users_by_name" time="0.084" /><testcase classname="tests.test_krishiva_backend.TestUsers" name="test_get_user_by_id" time="0.207" /><testcase classname="tests.test_krishiva_backend.TestMessaging" name="test_send_message_and_list_conversation" time="0.583" /><testcase classname="tests.test_krishiva_backend.TestUsers" name="test_get_user_404" time="0.041" /><testcase classname="tests.test_krishiva_backend.TestArticles" name="test_list_articles_returns_6" time="0.041" /><testcase classname="tests.test_krishiva_backend.TestArticles" name="test_get_article_by_id" time="0.043" /><testcase classname="tests.test_krishiva_backend.TestArticles" name="test_article_404" time="0.043" /><testcase classname="tests.test_krishiva_backend.TestComments" name="test_list_comments_on_seeded_post" time="0.129" /><testcase classname="tests.test_krishiva_backend.TestComments" name="test_add_comment_increments_count" time="0.176" /><testcase classname="tests.test_krishiva_backend.TestMessaging" name="test_cannot_message_self" time="0.039" /><testcase classname="tests.test_krishiva_backend.TestMessaging" name="test_message_unknown_user_404" time="0.049" /><testcase classname="tests.test_krishiva_backend.TestNoObjectIdLeaks" name="test_no_underscore_id_in_any_response" time="1.518" /><testcase classname="tests.test_krishiva_backend" name="test_root_health" time="0.083" /><testcase classname="tests.test_krishiva_backend.TestAI" name="test_ai_chat_sync_returns_farming_answer" time="4.461" /></testsuite></testsuites>