<?xml version="1.0" encoding="utf-8"?><testsuites name="pytest tests"><testsuite name="pytest" errors="0" failures="0" skipped="0" tests="30" time="10.399" timestamp="2026-08-07T10:22:33.769916+00:00" hostname="agent-env-7ba0661b-2584-4730-972f-329751eacbb4"><testcase classname="tests.test_krishiva_backend" name="test_root_health" time="0.148" /><testcase classname="tests.test_krishiva_backend.TestAuthRegister" name="test_register_with_phone_success" time="0.278" /><testcase classname="tests.test_krishiva_backend.TestAuthRegister" name="test_register_missing_phone_400" time="0.058" /><testcase classname="tests.test_krishiva_backend.TestAuthRegister" name="test_register_short_phone_400" time="0.051" /><testcase classname="tests.test_krishiva_backend.TestAuthRegister" name="test_register_duplicate_phone_400" time="0.052" /><testcase classname="tests.test_krishiva_backend.TestAuthRegister" name="test_register_duplicate_email_400" time="0.051" /><testcase classname="tests.test_krishiva_backend.TestAuthLogin" name="test_login_by_email" time="0.272" /><testcase classname="tests.test_krishiva_backend.TestAuthLogin" name="test_login_by_phone" time="0.270" /><testcase classname="tests.test_krishiva_backend.TestAuthLogin" name="test_login_bad_password_401" time="0.311" /><testcase classname="tests.test_krishiva_backend.TestAuthLogin" name="test_login_unknown_identifier_401" time="0.051" /><testcase classname="tests.test_krishiva_backend.TestForgotReset" name="test_forgot_and_reset_by_phone" time="1.145" /><testcase classname="tests.test_krishiva_backend.TestForgotReset" name="test_forgot_unknown_identifier_returns_ok_no_otp" time="0.047" /><testcase classname="tests.test_krishiva_backend.TestSubscriptionGating" name="test_free_user_post_403" time="0.319" /><testcase classname="tests.test_krishiva_backend.TestSubscriptionGating" name="test_free_user_message_403" time="0.322" /><testcase classname="tests.test_krishiva_backend.TestSubscriptionGating" name="test_free_user_follow_403" time="0.053" /><testcase classname="tests.test_krishiva_backend.TestSubscriptionGating" name="test_plus_user_post_ok" time="0.054" /><testcase classname="tests.test_krishiva_backend.TestSubscriptionGating" name="test_plus_user_message_ok" time="0.323" /><testcase classname="tests.test_krishiva_backend.TestFollow" name="test_follow_toggle_updates_state" time="0.173" /><testcase classname="tests.test_krishiva_backend.TestFollow" name="test_follow_self_400" time="0.051" /><testcase classname="tests.test_krishiva_backend.TestSubscriptionEndpoints" name="test_plans_endpoint" time="0.049" /><testcase classname="tests.test_krishiva_backend.TestSubscriptionEndpoints" name="test_subscriptions_me" time="0.049" /><testcase classname="tests.test_krishiva_backend.TestSubscriptionEndpoints" name="test_dev_activate_free_user" time="0.053" /><testcase classname="tests.test_krishiva_backend.TestMediaUpload" name="test_full_chunked_flow_and_range" time="0.470" /><testcase classname="tests.test_krishiva_backend.TestAIMultimodal" name="test_ai_text" time="2.131" /><testcase classname="tests.test_krishiva_backend.TestAIMultimodal" name="test_ai_multimodal_image" time="3.084" /><testcase classname="tests.test_krishiva_backend.TestRegression" name="test_list_posts" time="0.055" /><testcase classname="tests.test_krishiva_backend.TestRegression" name="test_get_user_shows_is_following_with_auth" time="0.053" /><testcase classname="tests.test_krishiva_backend.TestRegression" name="test_list_articles" time="0.060" /><testcase classname="tests.test_krishiva_backend.TestRegression" name="test_conversations_list" time="0.052" /><testcase classname="tests.test_krishiva_backend.TestRegression" name="test_no_objectid_leak" time="0.253" /></testsuite></testsuites>